<?xml version="1.0" encoding="UTF-8"?>
<!-- Generated by org.testng.reporters.JUnitReportReporter -->
<testsuite skipped="0" hostname="WAUC02S10KWG8WL" name="SignInTest" tests="1" failures="0" timestamp="09 Dec 2017 18:03:40 GMT" time="20.845" errors="0">
  <testcase name="testSignIn" time="20.845" classname="SignInTest"/>
</testsuite> <!-- SignInTest -->
